<?xml version="1.0" encoding="UTF-8"?>
<!-- Generated by org.testng.reporters.JUnitReportReporter -->
<testsuite hostname="DESKTOP-RHDKJSU" failures="0" tests="1" name="com.test.TestDragandDrop" time="5.222" errors="0" timestamp="13 Aug 2022 06:40:13 GMT">
  <testcase classname="com.test.TestDragandDrop" name="testdrag" time="5.222"/>
</testsuite> <!-- com.test.TestDragandDrop -->
