<?xml version="1.0" encoding="UTF-8"?>
<!-- Generated by org.testng.reporters.JUnitReportReporter -->
<testsuite hostname="DESKTOP-RHDKJSU" failures="0" tests="1" name="com.test.TestNgFrame" time="5.911" errors="0" timestamp="13 Aug 2022 05:53:14 GMT">
  <testcase classname="com.test.TestNgFrame" name="testFrame" time="5.911"/>
</testsuite> <!-- com.test.TestNgFrame -->
