<?xml version="1.0" encoding="UTF-8"?>
<!-- Generated by org.testng.reporters.JUnitReportReporter -->
<testsuite hostname="DESKTOP-RHDKJSU" failures="0" tests="1" name="com.test.TestNg" time="15.661" errors="0" timestamp="13 Aug 2022 05:55:45 GMT">
  <testcase classname="com.test.TestNg" name="Test1" time="15.661"/>
</testsuite> <!-- com.test.TestNg -->
