<?xml version="1.0" encoding="UTF-8"?>
<!-- Generated by org.testng.reporters.JUnitReportReporter -->
<testsuite hostname="DESKTOP-RHDKJSU" failures="0" tests="1" name="com.test.TestNg" time="14.417" errors="0" timestamp="12 Aug 2022 11:25:43 GMT">
  <testcase classname="com.test.TestNg" name="Test1" time="14.417"/>
</testsuite> <!-- com.test.TestNg -->
